# Epoch count
PRN   cod   emr   esa   gfz   grg   jpl valid
G01  2880  2880  2880  2880  2880  2880   6
G02  2880  2880  2872  2880  2880  2880   5
G03  2880  2880  2880  2880  2880  2880   6
G04  2880     0  2880  2791     0     0   2
G05  2880  2880  2880  2880  2877  2870   4
G06  2880  2880  2880  2880  2880  2880   6
G07  2880  2880  2880  2880  2880  2880   6
G08  2880  2880  2880  2880  2880  2880   6
G09  2880  2880  2880  2880  2880  2880   6
G10  2880  2880  2880  2880  2880  2880   6
G11  2880  2880  2880  2880  2880  2880   6
G12  2880  2880  2880  2880  2880  2878   5
G13  2880  2880  2880  2880  2880  2880   6
G14  2880  2880  2880  2880  2880  2880   6
G15  2880  2880  2880  2880  2880  2880   6
G16  2880  2878  2880  2880  2880  2872   4
G17  2880  2880  2880  2880  2880  2877   5
G18  2872  2874  2878  2860  2871  2860   0
G19  2880  2880  2880  2880  2880  2880   6
G20  2880  2880  2880  2880  2880  2880   6
G21  2880  2880  2880  2880  2880  2877   5
G22  2880  2880  2880  2880  2880  2880   6
G23  2880  2880  2880  2880  2880  2880   6
G24  2880  2880  2880  2880  2880  2861   5
G25  2880  2880  2880  2880  2880  2880   6
G26  2880  2880  2880  2880  2880  2880   6
G27  2880  2880  2880  2880  2880  2880   6
G28  2880  2880  2880  2880  2880  2880   6
G29  2880  2880  2880  2880  2880  2880   6
G30  2880  2880  2880  2880  2880  2880   6
G31  2880  2880  2880  2880  2880  2880   6
G32  2880  2880  2880  2880  2880  2880   6

common PRNs: G 23
datum reference: cod 2880
reference AC: jpl

** iter #1 **
## cod G01  
bias    0 2879 2880/2880 -128.138   10.271
## cod G02  
bias    0 2879 2880/2880   83.311   10.404
## cod G03  
bias    0 2879 2880/2880  125.170   10.092
## cod G04  
bias    0 2879 2880/2880    0.000    0.000
## cod G05  
seg 2563
seg 2564
seg 2705
seg 2706
bias    0 2562 2553/2553  109.693   14.285
bias 2563 2563    1/1     181.144    0.000
bias 2564 2704  141/141   105.118    4.830
bias 2705 2705    1/1       2.420    0.000
bias 2706 2879  173/174   114.876    9.557
## cod G06  
bias    0 2879 2880/2880  -20.634    9.012
## cod G07  
bias    0 2879 2880/2880  -62.026   12.148
## cod G08  
bias    0 2879 2880/2880   17.394    8.838
## cod G09  
bias    0 2879 2880/2880   -5.549   11.199
## cod G10  
bias    0 2879 2880/2880   73.358    8.917
## cod G11  
bias    0 2879 2880/2880  -95.141    7.732
## cod G12  
bias    0 2879 2878/2878 -267.350    9.749
## cod G13  
bias    0 2879 2880/2880  -27.644   10.344
## cod G14  
bias    0 2879 2880/2880  287.374    9.192
## cod G15  
bias    0 2879 2880/2880  145.165   10.319
## cod G16  
seg   83
seg   84
seg 1648
seg 1649
bias    0   82   83/83    216.847   36.175
bias   83   83    1/1     290.664    0.000
bias   84 1647 1558/1558  198.716    8.446
bias 1648 1648    1/1     278.199    0.000
bias 1649 2879 1229/1229  195.054    7.226
## cod G17  
bias    0 2879 2877/2877 -179.308    8.857
## cod G18  
gap 1464
bias    0 1460 1461/1461 -101.612    8.354
bias 1481 2879 1399/1399   94.173   20.104
## cod G19  
bias    0 2879 2880/2880  113.738    7.362
## cod G20  
seg 2017
seg 2018
bias    0 2016 2017/2017  288.423    9.081
bias 2017 2017    1/1     371.817    0.000
bias 2018 2879  862/862   293.551    8.603
## cod G21  
seg 1326
seg 1327
seg 1353
bias    0 1325 1326/1326  524.442   11.278
bias 1326 1326    1/1     426.735    0.000
bias 1327 1352   26/26    170.074   17.206
bias 1353 2879 1518/1524  170.711    7.848
## cod G22  
bias    0 2879 2880/2880  235.973    9.119
## cod G23  
bias    0 2879 2880/2880  -37.785    9.243
## cod G24  
seg  124
seg  125
seg  126
seg 1087
seg 1088
seg 1112
seg 1113
seg 1117
seg 1118
seg 1834
seg 1835
bias    0  123  124/124  -138.009    6.774
bias  124  124    1/1     191.437    0.000
bias  125  125    1/1       6.091    0.000
bias  126 1086  957/957  -145.935    9.920
bias 1087 1087    1/1    -465.316    0.000
bias 1088 1111   24/24   -146.726    5.211
bias 1112 1112    1/1    -236.413    0.000
bias 1113 1116    4/4    -336.202   27.100
bias 1117 1117    1/1    -252.861    0.000
bias 1118 1833  716/716  -137.412    8.650
bias 1834 1834    1/1      -3.795    0.000
bias 1835 2879 1030/1030 -141.915    8.461
## cod G25  
bias    0 2879 2880/2880 -354.942   10.157
## cod G26  
bias    0 2879 2869/2880 -298.944    9.275
## cod G27  
bias    0 2879 2873/2880  -50.409    8.906
## cod G28  
bias    0 2879 2880/2880   88.472   11.803
## cod G29  
bias    0 2879 2880/2880   27.699   10.666
## cod G30  
bias    0 2879 2880/2880 -225.089   13.431
## cod G31  
bias    0 2879 2880/2880 -157.991    7.712
## cod G32  
bias    0 2879 2880/2880   60.339    8.862
## emr G01  
bias    0 2879 2866/2880 -147.920   15.545
## emr G02  
bias    0 2879 2880/2880   23.742   28.351
## emr G03  
bias    0 2879 2869/2880  151.473   17.293
## emr G04  
## emr G05  
seg 2563
seg 2564
seg 2705
seg 2706
bias    0 2562 2553/2553   16.713   22.740
bias 2563 2563    1/1     128.022    0.000
bias 2564 2704  141/141    59.119    8.909
bias 2705 2705    1/1     -37.256    0.000
bias 2706 2879  169/174    70.569    8.519
## emr G06  
bias    0 2879 2872/2880  140.324   32.707
## emr G07  
bias    0 2879 2880/2880  -28.594   15.368
## emr G08  
bias    0 2879 2880/2880   92.530   24.129
## emr G09  
bias    0 2879 2880/2880  259.830   19.562
## emr G10  
bias    0 2879 2880/2880  103.854   21.457
## emr G11  
bias    0 2879 2878/2880  -66.086   14.500
## emr G12  
bias    0 2879 2875/2878 -396.395   22.495
## emr G13  
bias    0 2879 2880/2880   36.098   20.444
## emr G14  
bias    0 2879 2869/2880  116.022   15.833
## emr G15  
bias    0 2879 2880/2880   59.580   19.383
## emr G16  
gap  655
seg   83
seg   84
seg 1648
seg 1649
bias    0   82   83/83    197.701   10.028
bias   83   83    1/1     282.499    0.000
bias   84  654  571/571   169.744   12.782
bias  657 1647  985/985   167.314    9.854
bias 1648 1648    1/1     261.322    0.000
bias 1649 2879 1220/1229  154.337   18.235
## emr G17  
bias    0 2879 2877/2877  -62.378   22.320
## emr G18  
gap 1464
gap 1470
seg 2500
bias    0 1460 1461/1461  -67.222    8.906
bias 1481 2499 1019/1019 -200.564   16.119
bias 2500 2879  367/380  -214.769   12.337
## emr G19  
bias    0 2879 2875/2880 -144.630   16.245
## emr G20  
seg 2017
seg 2018
bias    0 2016 2017/2017  199.983   15.339
bias 2017 2017    1/1     252.380    0.000
bias 2018 2879  852/862   165.473   16.962
## emr G21  
seg 1326
seg 1327
seg 1329
seg 1330
seg 1332
seg 1334
seg 1335
seg 1336
seg 1353
bias    0 1325 1326/1326  131.292   19.219
bias 1326 1326    1/1      76.079    0.000
bias 1327 1328    2/2    -102.952    0.154
bias 1329 1329    1/1    -216.633    0.000
bias 1330 1331    2/2     -99.735   12.699
bias 1332 1333    2/2    -209.915    5.624
bias 1334 1334    1/1     -85.619    0.000
bias 1335 1335    1/1    -198.205    0.000
bias 1336 1352   17/17   -115.413   11.488
bias 1353 2879 1522/1524  130.094   18.374
## emr G22  
bias    0 2879 2867/2880    1.502   13.063
## emr G23  
bias    0 2879 2880/2880  -78.210   16.697
## emr G24  
seg  124
seg  125
seg  126
seg 1087
seg 1088
seg 1112
seg 1113
seg 1118
seg 1834
seg 1835
bias    0  123  124/124  -309.053    9.074
bias  124  124    1/1      19.887    0.000
bias  125  125    1/1    -161.107    0.000
bias  126 1086  957/957  -309.785   12.353
bias 1087 1087    1/1    -613.766    0.000
bias 1088 1111   24/24   -301.733   10.305
bias 1112 1112    1/1    -403.945    0.000
bias 1113 1117    4/5    -468.988   25.484
bias 1118 1833  716/716  -298.861   11.591
bias 1834 1834    1/1    -156.381    0.000
bias 1835 2879 1030/1030 -313.200   10.247
## emr G25  
bias    0 2879 2876/2880 -367.850   25.062
## emr G26  
bias    0 2879 2872/2880 -177.163   14.002
## emr G27  
bias    0 2879 2880/2880 -151.979   12.727
## emr G28  
bias    0 2879 2877/2880    1.559   12.547
## emr G29  
bias    0 2879 2880/2880  -23.207   25.766
## emr G30  
bias    0 2879 2870/2880  -79.043   18.508
## emr G31  
bias    0 2879 2868/2880 -153.852   15.906
## emr G32  
bias    0 2879 2869/2880  265.325   15.239
## esa G01  
bias    0 2879 2880/2880   75.786    8.923
## esa G02  
gap 1749
bias    0 1748 1749/1749   80.988   13.846
bias 1757 2879 1119/1123   83.794   13.573
## esa G03  
bias    0 2879 2876/2880  111.922   10.908
## esa G04  
bias    0 2879 2880/2880   73.211   16.233
## esa G05  
seg 2563
seg 2564
seg 2705
seg 2706
bias    0 2562 2553/2553   66.490   16.589
bias 2563 2563    1/1     128.119    0.000
bias 2564 2704  141/141    58.512    6.723
bias 2705 2705    1/1     -39.212    0.000
bias 2706 2879  174/174    68.268    9.176
## esa G06  
bias    0 2879 2880/2880   19.309   11.784
## esa G07  
bias    0 2879 2880/2880  -24.425   12.237
## esa G08  
bias    0 2879 2873/2880  -77.615   12.181
## esa G09  
bias    0 2879 2880/2880    7.607   11.603
## esa G10  
bias    0 2879 2880/2880   15.440   15.682
## esa G11  
bias    0 2879 2877/2880   16.800   12.037
## esa G12  
bias    0 2879 2878/2878 -222.447   12.718
## esa G13  
bias    0 2879 2880/2880 -159.183   12.601
## esa G14  
bias    0 2879 2880/2880   41.885    9.925
## esa G15  
bias    0 2879 2880/2880   59.245   12.602
## esa G16  
seg   83
seg   84
seg 1648
seg 1649
bias    0   82   83/83     52.627    8.921
bias   83   83    1/1     141.903    0.000
bias   84 1647 1558/1558   68.414   12.095
bias 1648 1648    1/1     135.218    0.000
bias 1649 2879 1229/1229   59.491   12.536
## esa G17  
bias    0 2879 2876/2877   96.568   13.033
## esa G18  
gap 1464
bias    0 1460 1461/1461 -2365.716   15.404
bias 1481 2879 1399/1399 3702.528   13.231
## esa G19  
bias    0 2879 2880/2880   81.412   14.153
## esa G20  
seg 2017
seg 2018
bias    0 2016 2017/2017   98.219   19.688
bias 2017 2017    1/1     176.276    0.000
bias 2018 2879  862/862    98.093   12.615
## esa G21  
seg 1326
seg 1327
seg 1348
seg 1350
seg 1353
bias    0 1325 1326/1326  111.318   12.800
bias 1326 1326    1/1      -7.252    0.000
bias 1327 1347   21/21   -237.779   20.136
bias 1348 1349    2/2    -173.423    5.063
bias 1350 1352    3/3    -244.648    9.092
bias 1353 2879 1524/1524   86.074   12.412
## esa G22  
bias    0 2879 2877/2880  -60.576   11.395
## esa G23  
bias    0 2879 2880/2880  -29.235   12.028
## esa G24  
seg  124
seg  125
seg  126
seg 1087
seg 1088
seg 1112
seg 1113
seg 1117
seg 1118
seg 1834
seg 1835
bias    0  123  124/124   -34.496    7.213
bias  124  124    1/1     296.549    0.000
bias  125  125    1/1     109.425    0.000
bias  126 1086  957/957   -47.580   12.037
bias 1087 1087    1/1    -363.404    0.000
bias 1088 1111   24/24    -42.680    5.340
bias 1112 1112    1/1    -130.643    0.000
bias 1113 1116    3/4    -213.646    5.140
bias 1117 1117    1/1    -140.264    0.000
bias 1118 1833  716/716   -33.352    7.507
bias 1834 1834    1/1      94.031    0.000
bias 1835 2879 1029/1030  -31.182    8.447
## esa G25  
bias    0 2879 2880/2880 -101.566   13.268
## esa G26  
seg 2149
bias    0 2148 2128/2149 -106.576   14.010
bias 2149 2879  668/731  -105.858    7.437
## esa G27  
bias    0 2879 2877/2880  -12.686   14.061
## esa G28  
bias    0 2879 2880/2880 -109.556   11.153
## esa G29  
bias    0 2879 2880/2880   45.325   13.746
## esa G30  
bias    0 2879 2880/2880   37.082   15.131
## esa G31  
bias    0 2879 2880/2880    6.515   11.887
## esa G32  
bias    0 2879 2880/2880   63.078   11.993
## gfz G01  
bias    0 2879 2880/2880   27.890    9.274
## gfz G02  
bias    0 2879 2880/2880  -58.969   12.587
## gfz G03  
bias    0 2879 2876/2880  290.320    9.178
## gfz G04  
gap   61
gap  121
gap  201
gap 2851
bias    0   60   61/61   2538.261    7.264
bias   81  120   40/40   2537.701    3.744
bias  141  200   60/60   2538.895    4.329
bias  221 2850 2630/2630 2572.703   21.012
## gfz G05  
seg 2563
seg 2564
seg 2705
seg 2706
bias    0 2562 2553/2553  -17.388   17.414
bias 2563 2563    1/1      41.054    0.000
bias 2564 2704  141/141   -28.689    6.631
bias 2705 2705    1/1    -125.923    0.000
bias 2706 2879  174/174   -10.546    9.357
## gfz G06  
bias    0 2879 2878/2880  211.548   10.778
## gfz G07  
bias    0 2879 2880/2880  -88.422   15.094
## gfz G08  
bias    0 2879 2880/2880  103.689   18.177
## gfz G09  
bias    0 2879 2880/2880  158.239   10.470
## gfz G10  
bias    0 2879 2880/2880  100.643   20.158
## gfz G11  
bias    0 2879 2880/2880  -92.810   14.190
## gfz G12  
bias    0 2879 2878/2878 -254.228   11.298
## gfz G13  
bias    0 2879 2876/2880  -44.765   15.088
## gfz G14  
bias    0 2879 2880/2880   58.321   11.937
## gfz G15  
bias    0 2879 2880/2880  -11.425   15.204
## gfz G16  
seg   83
seg   84
seg 1648
seg 1649
bias    0   82   83/83     13.943    4.675
bias   83   83    1/1      97.768    0.000
bias   84 1647 1558/1558   19.183   11.900
bias 1648 1648    1/1     113.505    0.000
bias 1649 2879 1218/1229   38.433    9.915
## gfz G17  
bias    0 2879 2855/2877 -182.857   11.149
## gfz G18  
gap 1461
bias    0 1460 1461/1461  -90.438   15.993
bias 1481 2879 1399/1399   17.421   22.160
## gfz G19  
bias    0 2879 2880/2880 -200.347   11.286
## gfz G20  
seg 2017
seg 2018
bias    0 2016 2017/2017   16.955   12.104
bias 2017 2017    1/1      83.857    0.000
bias 2018 2879  862/862    -0.921   12.053
## gfz G21  
bias    0 2879 2877/2877    4.444   10.709
## gfz G22  
bias    0 2879 2880/2880 -111.549    9.674
## gfz G23  
bias    0 2879 2880/2880  -17.939   11.194
## gfz G24  
seg  124
seg  125
seg  126
seg 1087
seg 1088
seg 1112
seg 1113
seg 1115
seg 1117
seg 1118
seg 1834
seg 1835
bias    0  123  124/124   -56.687    6.992
bias  124  124    1/1     278.646    0.000
bias  125  125    1/1      95.292    0.000
bias  126 1086  957/957   -69.847   17.945
bias 1087 1087    1/1    -407.485    0.000
bias 1088 1111   24/24    -87.221    6.812
bias 1112 1112    1/1    -183.143    0.000
bias 1113 1114    2/2    -259.761    0.532
bias 1115 1116    2/2    -299.761   26.840
bias 1117 1117    1/1    -196.620    0.000
bias 1118 1833  716/716   -91.228    9.401
bias 1834 1834    1/1      32.894    0.000
bias 1835 2879 1030/1030 -118.975    8.980
## gfz G25  
bias    0 2879 2878/2880 -183.374   13.790
## gfz G26  
bias    0 2879 2827/2880  -44.583   14.544
## gfz G27  
bias    0 2879 2880/2880 -108.865   18.839
## gfz G28  
bias    0 2879 2880/2880  -37.763   12.977
## gfz G29  
bias    0 2879 2880/2880  -99.380   11.694
## gfz G30  
bias    0 2879 2877/2880  -44.784   18.911
## gfz G31  
bias    0 2879 2880/2880  -60.745   20.074
## gfz G32  
bias    0 2879 2880/2880  186.033    9.867
## grg G01  
bias    0 2879 2880/2880  215.618   10.051
## grg G02  
bias    0 2879 2880/2880  -31.089   11.875
## grg G03  
bias    0 2879 2880/2880  -41.603    9.997
## grg G04  
## grg G05  
gap 2521
seg 2563
seg 2564
seg 2705
seg 2706
bias    0 2520 2511/2511 -178.932   11.093
bias 2524 2562   39/39    543.145   11.324
bias 2563 2563    1/1     614.731    0.000
bias 2564 2704  141/141   541.261    5.980
bias 2705 2705    1/1     436.425    0.000
bias 2706 2879  174/174   545.394   15.665
## grg G06  
bias    0 2879 2880/2880 -386.288   11.484
## grg G07  
bias    0 2879 2880/2880   99.116   12.513
## grg G08  
bias    0 2879 2880/2880  -83.914    9.383
## grg G09  
bias    0 2879 2880/2880  -22.376    9.557
## grg G10  
bias    0 2879 2880/2880   63.435    9.927
## grg G11  
bias    0 2879 2880/2880  161.846   10.359
## grg G12  
bias    0 2879 2878/2878 -187.504   36.100
## grg G13  
bias    0 2879 2880/2880 -227.663   10.384
## grg G14  
bias    0 2879 2880/2880  406.540   10.322
## grg G15  
bias    0 2879 2880/2880  187.401   11.224
## grg G16  
seg   83
seg   84
seg 1648
seg 1649
bias    0   82   83/83    121.078   20.869
bias   83   83    1/1     210.065    0.000
bias   84 1647 1558/1558  142.437    8.931
bias 1648 1648    1/1     222.639    0.000
bias 1649 2879 1229/1229  133.882   12.041
## grg G17  
bias    0 2879 2877/2877  153.406    9.808
## grg G18  
gap 1462
bias    0 1460 1461/1461 -246.998    9.681
bias 1481 2879 1399/1399   46.476   12.005
## grg G19  
bias    0 2879 2880/2880  -30.570   10.016
## grg G20  
seg 2017
seg 2018
bias    0 2016 2017/2017  143.278    8.776
bias 2017 2017    1/1     214.596    0.000
bias 2018 2879  862/862   139.650   10.724
## grg G21  
seg 1326
seg 1353
bias    0 1325 1326/1326  150.005   12.378
bias 1326 1352   27/27    109.244   14.556
bias 1353 2879 1524/1524  140.415    9.823
## grg G22  
bias    0 2879 2880/2880   -5.293   11.529
## grg G23  
bias    0 2879 2880/2880  -31.877    9.277
## grg G24  
seg  124
seg  125
seg  126
seg 1087
seg 1088
seg 1112
seg 1113
seg 1117
seg 1118
seg 1834
seg 1835
bias    0  123  124/124   -81.630    6.936
bias  124  124    1/1     250.368    0.000
bias  125  125    1/1      69.201    0.000
bias  126 1086  957/957   -93.848    9.657
bias 1087 1087    1/1    -394.605    0.000
bias 1088 1111   24/24    -82.346    5.396
bias 1112 1112    1/1    -175.932    0.000
bias 1113 1116    4/4    -278.085   26.310
bias 1117 1117    1/1    -190.845    0.000
bias 1118 1833  716/716   -92.867   11.514
bias 1834 1834    1/1      26.661    0.000
bias 1835 2879 1030/1030  -99.514   10.369
## grg G25  
bias    0 2879 2880/2880 -123.421   12.670
## grg G26  
bias    0 2879 2879/2880 -248.862   10.992
## grg G27  
bias    0 2879 2880/2880   -6.987   11.773
## grg G28  
bias    0 2879 2880/2880  -85.919   10.758
## grg G29  
bias    0 2879 2880/2880 -123.830   10.326
## grg G30  
bias    0 2879 2880/2880  -28.731   13.152
## grg G31  
bias    0 2879 2880/2880  149.199   11.550
## grg G32  
bias    0 2879 2880/2880   21.934    9.761
## jpl G01  
bias    0 2879 2880/2880    0.000    0.000
## jpl G02  
bias    0 2879 2880/2880    0.000    0.000
## jpl G03  
bias    0 2879 2880/2880    0.000    0.000
## jpl G04  
## jpl G05  
gap  679
gap  941
gap 2458
bias    0  678  679/679     0.000    0.000
bias  681  940  260/260     0.000    0.000
bias  946 2457 1512/1512    0.000    0.000
bias 2461 2879  419/419     0.000    0.000
## jpl G06  
bias    0 2879 2880/2880    0.000    0.000
## jpl G07  
bias    0 2879 2880/2880    0.000    0.000
## jpl G08  
bias    0 2879 2880/2880    0.000    0.000
## jpl G09  
bias    0 2879 2880/2880    0.000    0.000
## jpl G10  
bias    0 2879 2880/2880    0.000    0.000
## jpl G11  
bias    0 2879 2880/2880    0.000    0.000
## jpl G12  
gap 1672
bias    0 1671 1672/1672    0.000    0.000
bias 1674 2879 1206/1206    0.000    0.000
## jpl G13  
bias    0 2879 2880/2880    0.000    0.000
## jpl G14  
bias    0 2879 2880/2880    0.000    0.000
## jpl G15  
bias    0 2879 2880/2880    0.000    0.000
## jpl G16  
gap 1138
gap 1633
gap 1638
gap 1651
bias    0 1137 1138/1138    0.000    0.000
bias 1140 1632  493/493     0.000    0.000
bias 1635 1637    3/3       0.000    0.000
bias 1640 1650   11/11      0.000    0.000
bias 1653 2879 1227/1227    0.000    0.000
## jpl G17  
gap 1994
bias    0 1993 1994/1994    0.000    0.000
bias 1997 2879  883/883     0.000    0.000
## jpl G18  
gap 1461
bias    0 1460 1461/1461    0.000    0.000
bias 1481 2879 1399/1399    0.000    0.000
## jpl G19  
bias    0 2879 2880/2880    0.000    0.000
## jpl G20  
bias    0 2879 2880/2880    0.000    0.000
## jpl G21  
gap 2477
bias    0 2476 2477/2477    0.000    0.000
bias 2480 2879  400/400     0.000    0.000
## jpl G22  
bias    0 2879 2880/2880    0.000    0.000
## jpl G23  
bias    0 2879 2880/2880    0.000    0.000
## jpl G24  
gap  178
gap  485
gap 2167
gap 2464
gap 2546
gap 2565
gap 2654
gap 2774
gap 2777
bias    0  177  178/178     0.000    0.000
bias  180  484  305/305     0.000    0.000
bias  487 2166 1680/1680    0.000    0.000
bias 2169 2463  295/295     0.000    0.000
bias 2466 2545   80/80      0.000    0.000
bias 2548 2564   17/17      0.000    0.000
bias 2568 2653   86/86      0.000    0.000
bias 2656 2773  118/118     0.000    0.000
bias 2776 2776    1/1       0.000    0.000
bias 2779 2879  101/101     0.000    0.000
## jpl G25  
bias    0 2879 2880/2880    0.000    0.000
## jpl G26  
bias    0 2879 2880/2880    0.000    0.000
## jpl G27  
bias    0 2879 2880/2880    0.000    0.000
## jpl G28  
bias    0 2879 2880/2880    0.000    0.000
## jpl G29  
bias    0 2879 2880/2880    0.000    0.000
## jpl G30  
bias    0 2879 2880/2880    0.000    0.000
## jpl G31  
bias    0 2879 2880/2880    0.000    0.000
## jpl G32  
bias    0 2879 2880/2880    0.000    0.000
del  1 emr  G01 2593
del  1 emr  G01 2599
del  1 emr  G01 2600
del  1 emr  G01 2601
del  1 emr  G01 2602
del  1 emr  G01 2606
del  1 emr  G01 2647
del  1 emr  G01 2653
del  1 emr  G01 2656
del  1 emr  G01 2868
del  1 emr  G01 2869
del  1 emr  G01 2870
del  1 emr  G01 2871
del  1 emr  G01 2872
del  1 emr  G01 2873
del  1 emr  G01 2874
del  1 emr  G01 2875
del  1 emr  G01 2876
del  1 emr  G01 2877
del  1 emr  G02 2681
del  1 emr  G02 2685
del  1 emr  G02 2686
del  1 emr  G02 2687
del  1 emr  G02 2688
del  1 emr  G02 2689
del  1 emr  G02 2690
del  1 emr  G02 2691
del  1 emr  G02 2692
del  1 emr  G02 2717
del  1 emr  G02 2728
del  1 emr  G02 2731
del  1 emr  G02 2732
del  1 emr  G02 2733
del  1 emr  G02 2734
del  1 emr  G02 2735
del  1 emr  G02 2736
del  1 emr  G02 2742
del  1 emr  G02 2747
del  1 emr  G02 2748
del  1 emr  G02 2749
del  1 emr  G02 2750
del  1 emr  G02 2751
del  1 emr  G02 2752
del  1 emr  G02 2753
del  1 emr  G02 2754
del  1 emr  G02 2755
del  1 emr  G02 2756
del  1 emr  G02 2757
del  1 emr  G02 2758
del  1 emr  G02 2759
del  1 emr  G02 2760
del  1 emr  G02 2765
del  1 emr  G02 2771
del  1 emr  G02 2776
del  1 emr  G02 2777
del  1 emr  G02 2778
del  1 emr  G02 2779
del  1 emr  G02 2813
del  1 emr  G02 2816
del  1 emr  G02 2817
del  1 emr  G02 2818
del  1 emr  G02 2819
del  1 emr  G02 2820
del  1 emr  G02 2831
del  1 emr  G02 2832
del  1 emr  G02 2850
del  1 emr  G03 2668
del  1 emr  G03 2684
del  1 gfz  G04  652
del  1 gfz  G04  663
del  1 gfz  G04  666
del  1 gfz  G04  667
del  1 gfz  G04  668
del  1 emr  G05  261
del  1 emr  G05  378
del  1 jpl  G05 1634
del  1 emr  G06   12
del  1 gfz  G06   12
del  1 emr  G06   15
del  1 emr  G06   16
del  1 emr  G06   17
del  1 emr  G06   18
del  1 emr  G06   23
del  1 emr  G06   24
del  1 emr  G06   25
del  1 emr  G06   27
del  1 emr  G06   28
del  1 emr  G06   31
del  1 cod  G06   33
del  1 emr  G06   33
del  1 emr  G06   38
del  1 emr  G06   39
del  1 emr  G06   40
del  1 emr  G06   41
del  1 emr  G06   42
del  1 emr  G06   43
del  1 emr  G06   44
del  1 emr  G06   47
del  1 emr  G06   48
del  1 emr  G06   49
del  1 emr  G06   50
del  1 emr  G06   52
del  1 emr  G06   53
del  1 emr  G06   54
del  1 emr  G06   55
del  1 emr  G06   62
del  1 emr  G06   65
del  1 emr  G06   69
del  1 emr  G06   70
del  1 emr  G06   71
del  1 emr  G06   72
del  1 emr  G06   73
del  1 emr  G06   74
del  1 emr  G06   75
del  1 emr  G06   79
del  1 emr  G06   84
del  1 emr  G06   87
del  1 emr  G06   88
del  1 emr  G06   89
del  1 emr  G06   90
del  1 emr  G06   91
del  1 emr  G06   92
del  1 emr  G06   93
del  1 emr  G06   95
del  1 emr  G06   99
del  1 emr  G06  104
del  1 emr  G06  105
del  1 emr  G06  106
del  1 emr  G06  107
del  1 emr  G06  109
del  1 emr  G06  111
del  1 emr  G06  121
del  1 emr  G06  122
del  1 emr  G06  126
del  1 emr  G06  127
del  1 emr  G06  130
del  1 emr  G06  133
del  1 emr  G06  134
del  1 emr  G06  135
del  1 emr  G06  136
del  1 emr  G06  137
del  1 emr  G06  138
del  1 emr  G06  139
del  1 emr  G06  140
del  1 emr  G06  141
del  1 emr  G06  142
del  1 emr  G06  143
del  1 emr  G06  144
del  1 emr  G06  145
del  1 emr  G06  146
del  1 emr  G06  147
del  1 emr  G06  148
del  1 emr  G06  149
del  1 emr  G06  150
del  1 emr  G06  151
del  1 emr  G06  189
del  1 emr  G06  194
del  1 emr  G06  207
del  1 emr  G06  208
del  1 emr  G06  209
del  1 emr  G06  210
del  1 emr  G06  212
del  1 emr  G06  213
del  1 emr  G06  214
del  1 emr  G06  215
del  1 emr  G06  216
del  1 emr  G06  217
del  1 emr  G06  218
del  1 emr  G06  219
del  1 emr  G06  220
del  1 emr  G06  221
del  1 emr  G06  222
del  1 emr  G06  223
del  1 emr  G06  226
del  1 emr  G06  239
del  1 emr  G06  241
del  1 emr  G06  242
del  1 emr  G06  243
del  1 emr  G06  244
del  1 emr  G06  245
del  1 emr  G06  246
del  1 emr  G06  248
del  1 emr  G06  249
del  1 emr  G06  250
del  1 emr  G06  251
del  1 emr  G06  252
del  1 emr  G06  253
del  1 emr  G06  254
del  1 emr  G06  255
del  1 emr  G06  256
del  1 emr  G06  325
del  1 emr  G06  326
del  1 emr  G06  327
del  1 emr  G06  328
del  1 emr  G06  329
del  1 gfz  G06  329
del  1 emr  G06  331
del  1 emr  G06  332
del  1 emr  G06  333
del  1 emr  G06  334
del  1 emr  G06  335
del  1 emr  G06  348
del  1 emr  G06  350
del  1 emr  G06 2362
del  1 emr  G06 2363
del  1 emr  G06 2470
del  1 emr  G06 2471
del  1 emr  G06 2485
del  1 emr  G06 2496
del  1 emr  G06 2497
del  1 emr  G06 2498
del  1 esa  G06 2498
del  1 emr  G06 2507
del  1 emr  G06 2515
del  1 emr  G06 2516
del  1 emr  G06 2861
del  1 emr  G06 2862
del  1 emr  G06 2863
del  1 emr  G06 2864
del  1 emr  G06 2865
del  1 emr  G06 2866
del  1 emr  G06 2867
del  1 emr  G06 2868
del  1 emr  G06 2869
del  1 emr  G06 2870
del  1 emr  G06 2871
del  1 emr  G06 2872
del  1 emr  G06 2873
del  1 emr  G06 2874
del  1 emr  G06 2875
del  1 emr  G06 2876
del  1 emr  G06 2877
del  1 emr  G06 2878
del  1 emr  G06 2879
del  1 emr  G08 2422
del  1 emr  G08 2478
del  1 emr  G08 2480
del  1 emr  G08 2481
del  1 emr  G08 2567
del  1 gfz  G08 2567
del  1 emr  G08 2587
del  1 emr  G09   85
del  1 emr  G09 2878
del  1 emr  G09 2879
del  1 gfz  G10 2740
del  1 gfz  G10 2864
del  1 gfz  G10 2865
del  1 gfz  G10 2866
del  1 grg  G12 2364
del  1 grg  G12 2367
del  1 grg  G12 2368
del  1 grg  G12 2397
del  1 grg  G12 2416
del  1 grg  G12 2417
del  1 grg  G12 2430
del  1 grg  G12 2434
del  1 grg  G12 2435
del  1 grg  G12 2436
del  1 grg  G12 2439
del  1 emr  G12 2461
del  1 grg  G12 2461
del  1 grg  G12 2462
del  1 emr  G12 2463
del  1 grg  G12 2463
del  1 grg  G12 2467
del  1 emr  G12 2469
del  1 grg  G12 2469
del  1 grg  G12 2470
del  1 grg  G12 2472
del  1 emr  G12 2473
del  1 grg  G12 2473
del  1 emr  G12 2474
del  1 grg  G12 2474
del  1 grg  G12 2475
del  1 grg  G12 2476
del  1 emr  G12 2478
del  1 grg  G12 2478
del  1 grg  G12 2479
del  1 emr  G12 2480
del  1 grg  G12 2480
del  1 grg  G12 2481
del  1 grg  G12 2484
del  1 grg  G12 2485
del  1 grg  G12 2489
del  1 grg  G12 2491
del  1 emr  G12 2492
del  1 grg  G12 2492
del  1 emr  G12 2493
del  1 grg  G12 2493
del  1 grg  G12 2494
del  1 grg  G12 2495
del  1 grg  G12 2496
del  1 grg  G12 2505
del  1 grg  G12 2506
del  1 grg  G12 2507
del  1 grg  G12 2508
del  1 grg  G12 2509
del  1 grg  G12 2510
del  1 grg  G12 2511
del  1 grg  G12 2512
del  1 grg  G12 2517
del  1 grg  G12 2518
del  1 emr  G12 2544
del  1 grg  G12 2544
del  1 grg  G12 2547
del  1 grg  G12 2556
del  1 grg  G12 2559
del  1 grg  G12 2563
del  1 grg  G12 2565
del  1 emr  G12 2566
del  1 grg  G12 2566
del  1 emr  G12 2568
del  1 grg  G12 2568
del  1 grg  G12 2582
del  1 grg  G12 2589
del  1 grg  G12 2590
del  1 grg  G12 2591
del  1 grg  G12 2595
del  1 grg  G12 2596
del  1 grg  G12 2597
del  1 grg  G12 2598
del  1 grg  G12 2599
del  1 grg  G12 2600
del  1 grg  G12 2604
del  1 grg  G12 2606
del  1 grg  G12 2608
del  1 grg  G12 2609
del  1 grg  G12 2610
del  1 grg  G12 2617
del  1 grg  G12 2618
del  1 grg  G12 2619
del  1 grg  G12 2620
del  1 grg  G12 2621
del  1 grg  G12 2622
del  1 grg  G12 2625
del  1 grg  G12 2626
del  1 grg  G12 2628
del  1 grg  G12 2631
del  1 grg  G12 2641
del  1 grg  G12 2662
del  1 emr  G13 2724
del  1 emr  G13 2725
del  1 emr  G13 2748
del  1 emr  G13 2750
del  1 emr  G13 2751
del  1 emr  G13 2753
del  1 emr  G13 2755
del  1 emr  G13 2763
del  1 emr  G13 2780
del  1 emr  G13 2797
del  1 emr  G13 2802
del  1 emr  G13 2803
del  1 emr  G13 2804
del  1 emr  G13 2807
del  1 emr  G13 2808
del  1 emr  G13 2810
del  1 emr  G13 2812
del  1 emr  G13 2813
del  1 emr  G13 2814
del  1 emr  G13 2815
del  1 emr  G13 2836
del  1 emr  G13 2845
del  1 emr  G13 2849
del  1 emr  G13 2857
del  1 emr  G14 2864
del  1 emr  G14 2865
del  1 emr  G14 2867
del  1 emr  G14 2869
del  1 emr  G14 2870
del  1 emr  G14 2871
del  1 emr  G14 2872
del  1 emr  G14 2873
del  1 emr  G14 2874
del  1 emr  G14 2875
del  1 emr  G14 2876
del  1 emr  G14 2877
del  1 emr  G14 2878
del  1 emr  G14 2879
del  1 emr  G15 2747
del  1 emr  G15 2748
del  1 emr  G15 2750
del  1 emr  G15 2752
del  1 emr  G17   52
del  1 emr  G17  111
del  1 emr  G17  137
del  1 emr  G18 2380
del  1 emr  G18 2425
del  1 emr  G18 2500
del  1 cod  G18 2808
del  1 gfz  G18 2808
del  1 emr  G20 2867
del  1 emr  G20 2868
del  1 emr  G20 2869
del  1 emr  G20 2870
del  1 emr  G20 2871
del  1 emr  G20 2872
del  1 emr  G20 2873
del  1 emr  G20 2874
del  1 emr  G20 2875
del  1 emr  G20 2876
del  1 emr  G20 2877
del  1 emr  G20 2878
del  1 emr  G20 2879
del  1 cod  G21 1352
del  1 cod  G21 1353
del  1 cod  G21 1354
del  1 cod  G21 1355
del  1 cod  G21 1356
del  1 emr  G21 2875
del  1 emr  G21 2876
del  1 emr  G21 2877
del  1 emr  G21 2878
del  1 emr  G21 2879
del  1 emr  G22 2872
del  1 emr  G22 2879
del  1 emr  G24 1003
del  1 emr  G25  369
del  1 gfz  G26  704
del  1 esa  G26  707
del  1 gfz  G26  707
del  1 gfz  G26  709
del  1 gfz  G26  710
del  1 gfz  G26  711
del  1 gfz  G26  712
del  1 gfz  G26  713
del  1 gfz  G26  714
del  1 gfz  G26  715
del  1 gfz  G26  716
del  1 gfz  G26  717
del  1 gfz  G26  718
del  1 gfz  G26  719
del  1 gfz  G26  720
del  1 gfz  G26  721
del  1 gfz  G26  722
del  1 gfz  G26  723
del  1 gfz  G26  724
del  1 gfz  G26  725
del  1 gfz  G26  726
del  1 gfz  G26  727
del  1 gfz  G26  728
del  1 gfz  G26  729
del  1 gfz  G26  730
del  1 gfz  G26  731
del  1 gfz  G26  732
del  1 gfz  G26  733
del  1 gfz  G26  734
del  1 gfz  G26  735
del  1 gfz  G26  736
del  1 gfz  G26  737
del  1 gfz  G26  738
del  1 gfz  G26  739
del  1 gfz  G26  740
del  1 esa  G26 1428
del  1 esa  G26 1429
del  1 esa  G26 1430
del  1 esa  G26 1435
del  1 esa  G26 1436
del  1 esa  G26 1437
del  1 esa  G26 1438
del  1 esa  G26 1441
del  1 esa  G26 1442
del  1 esa  G26 1443
del  1 esa  G26 1444
del  1 esa  G26 1445
del  1 esa  G26 1446
del  1 esa  G26 1447
del  1 esa  G26 1448
del  1 esa  G26 1449
del  1 esa  G26 1450
del  1 esa  G26 1451
del  1 esa  G26 1453
del  1 esa  G26 1454
del  1 esa  G26 1455
del  1 esa  G26 1456
del  1 esa  G26 2139
del  1 gfz  G26 2139
del  1 esa  G26 2140
del  1 gfz  G26 2140
del  1 esa  G26 2141
del  1 gfz  G26 2141
del  1 esa  G26 2142
del  1 gfz  G26 2142
del  1 esa  G26 2143
del  1 gfz  G26 2143
del  1 esa  G26 2144
del  1 gfz  G26 2144
del  1 esa  G26 2145
del  1 gfz  G26 2145
del  1 esa  G26 2146
del  1 gfz  G26 2146
del  1 esa  G26 2147
del  1 gfz  G26 2147
del  1 esa  G26 2148
del  1 gfz  G26 2148
del  1 esa  G26 2149
del  1 gfz  G26 2149
del  1 esa  G26 2150
del  1 gfz  G26 2150
del  1 esa  G26 2151
del  1 gfz  G26 2151
del  1 esa  G26 2152
del  1 gfz  G26 2152
del  1 esa  G26 2153
del  1 gfz  G26 2153
del  1 gfz  G26 2166
del  1 gfz  G26 2167
del  1 gfz  G26 2171
del  1 esa  G26 2860
del  1 esa  G26 2861
del  1 esa  G26 2862
del  1 esa  G26 2865
del  1 emr  G29  619
del  1 emr  G29 2749
del  1 emr  G29 2810
del  1 emr  G29 2873
del  1 esa  G29 2873
del  1 emr  G29 2874
del  1 esa  G29 2874
del  1 emr  G29 2875
del  1 esa  G29 2875
del  1 emr  G29 2876
del  1 emr  G31 1829
del  1 emr  G31 2832
del  1 emr  G31 2866
del  1 emr  G31 2867
del  1 emr  G31 2868
del  1 emr  G31 2869
del  1 emr  G32 2870
del  1 emr  G32 2871
del  1 emr  G32 2872
del  1 emr  G32 2873
del  1 emr  G32 2874
del  1 emr  G32 2875
del  1 emr  G32 2876
del  1 emr  G32 2877
del  1 emr  G32 2878
del  1 emr  G32 2879

** iter #2 **
## cod G01  
bias  2880/2880   -0.002    0.000    6.879
## cod G02  
bias  2880/2880    0.182    0.000    7.032
## cod G03  
del  2 cod  G03 2874
del  2 cod  G03 2875
del  2 cod  G03 2876
del  2 cod  G03 2877
del  2 cod  G03 2878
del  2 cod  G03 2879
bias  2874/2880   -0.074    0.000    5.399
## cod G04  
bias  2880/2880    0.060    0.000    6.799
## cod G05  
del  2 cod  G05 2878
del  2 cod  G05 2879
bias  2878/2880   -0.003    0.000    6.617
## cod G06  
bias  2879/2879   -0.353    0.000    7.510
## cod G07  
bias  2880/2880    0.000    0.000    6.724
## cod G08  
bias  2880/2880    0.029    0.000    4.924
## cod G09  
bias  2880/2880    0.004    0.000    7.835
## cod G10  
bias  2880/2880   -0.012    0.000    9.525
## cod G11  
del  2 cod  G11 2875
del  2 cod  G11 2876
del  2 cod  G11 2877
del  2 cod  G11 2878
del  2 cod  G11 2879
bias  2875/2880   -0.032    0.000    5.723
## cod G12  
del  2 cod  G12 2879
bias  2879/2880    0.280    0.000    7.149
## cod G13  
bias  2880/2880    0.101    0.000    7.040
## cod G14  
bias  2880/2880   -0.022    0.000    5.617
## cod G15  
bias  2880/2880    0.012    0.000    6.189
## cod G16  
del  2 cod  G16    4
del  2 cod  G16    5
del  2 cod  G16    6
del  2 cod  G16    7
del  2 cod  G16    8
del  2 cod  G16    9
del  2 cod  G16   10
del  2 cod  G16   11
del  2 cod  G16   12
del  2 cod  G16   13
del  2 cod  G16   14
del  2 cod  G16   15
del  2 cod  G16   16
del  2 cod  G16   17
del  2 cod  G16   18
del  2 cod  G16 2874
del  2 cod  G16 2875
del  2 cod  G16 2876
del  2 cod  G16 2877
del  2 cod  G16 2878
del  2 cod  G16 2879
bias  2859/2880   -0.336    0.000    6.613
## cod G17  
bias  2880/2880   -0.102    0.000    6.856
## cod G18  
bias  2871/2871   -0.185    0.000    9.820
## cod G19  
bias  2880/2880    0.044    0.000    5.290
## cod G20  
bias  2880/2880   -0.017    0.000    7.301
## cod G21  
del  2 cod  G21 1357
del  2 cod  G21 1358
bias  2873/2875    0.020    0.000    4.546
## cod G22  
bias  2880/2880   -0.105    0.000    5.425
## cod G23  
bias  2880/2880    0.000    0.000    6.939
## cod G24  
bias  2880/2880   -0.020    0.000    5.756
## cod G25  
del  2 cod  G25 2867
del  2 cod  G25 2868
del  2 cod  G25 2869
del  2 cod  G25 2870
del  2 cod  G25 2871
del  2 cod  G25 2872
del  2 cod  G25 2873
del  2 cod  G25 2874
del  2 cod  G25 2875
del  2 cod  G25 2876
del  2 cod  G25 2877
del  2 cod  G25 2878
del  2 cod  G25 2879
bias  2867/2880   -0.182    0.000    4.642
## cod G26  
del  2 cod  G26 2862
del  2 cod  G26 2863
del  2 cod  G26 2864
del  2 cod  G26 2865
del  2 cod  G26 2866
del  2 cod  G26 2867
del  2 cod  G26 2868
del  2 cod  G26 2869
del  2 cod  G26 2870
del  2 cod  G26 2871
del  2 cod  G26 2872
del  2 cod  G26 2873
del  2 cod  G26 2874
del  2 cod  G26 2875
del  2 cod  G26 2876
del  2 cod  G26 2877
del  2 cod  G26 2878
del  2 cod  G26 2879
bias  2862/2880   -0.036    0.000    5.739
## cod G27  
bias  2880/2880   -0.090    0.000    5.357
## cod G28  
bias  2880/2880    0.017    0.000    7.898
## cod G29  
bias  2880/2880   -0.017    0.000    5.338
## cod G30  
bias  2880/2880   -0.130    0.000    6.682
## cod G31  
del  2 cod  G31 2879
bias  2879/2880   -0.067    0.000    9.523
## cod G32  
bias  2880/2880   -0.003    0.000    6.065
## emr G01  
del  2 emr  G01 2596
del  2 emr  G01 2603
del  2 emr  G01 2604
del  2 emr  G01 2621
del  2 emr  G01 2643
del  2 emr  G01 2649
del  2 emr  G01 2658
del  2 emr  G01 2867
del  2 emr  G01 2878
del  2 emr  G01 2879
bias  2851/2861    0.229    0.000   11.350
## emr G02  
bias  2833/2833   -0.778    0.000   21.416
## emr G03  
del  2 emr  G03 2869
del  2 emr  G03 2870
del  2 emr  G03 2871
del  2 emr  G03 2872
del  2 emr  G03 2873
del  2 emr  G03 2874
del  2 emr  G03 2875
del  2 emr  G03 2876
del  2 emr  G03 2877
del  2 emr  G03 2878
del  2 emr  G03 2879
bias  2867/2878    0.076    0.000   11.853
## emr G04  
## emr G05  
del  2 emr  G05 2877
del  2 emr  G05 2878
del  2 emr  G05 2879
bias  2875/2878    0.035    0.000   16.796
## emr G06  
bias  2726/2726    1.944    0.000   22.472
## emr G07  
bias  2880/2880   -0.000    0.000   10.739
## emr G08  
bias  2874/2874    0.137    0.000   19.990
## emr G09  
bias  2877/2877   -0.020    0.000   14.615
## emr G10  
bias  2880/2880   -0.012    0.000   13.794
## emr G11  
del  2 emr  G11 2878
del  2 emr  G11 2879
bias  2878/2880   -0.009    0.000    9.799
## emr G12  
del  2 emr  G12 2872
del  2 emr  G12 2873
del  2 emr  G12 2874
del  2 emr  G12 2875
del  2 emr  G12 2876
del  2 emr  G12 2877
del  2 emr  G12 2878
del  2 emr  G12 2879
bias  2860/2868    0.299    0.000   11.908
## emr G13  
bias  2856/2856   -0.370    0.000   14.910
## emr G14  
del  2 emr  G14 2866
del  2 emr  G14 2868
bias  2864/2866    0.165    0.000   12.634
## emr G15  
del  2 emr  G15 2878
del  2 emr  G15 2879
bias  2874/2876   -0.117    0.000   14.534
## emr G16  
del  2 emr  G16 2869
del  2 emr  G16 2870
del  2 emr  G16 2871
del  2 emr  G16 2872
del  2 emr  G16 2873
del  2 emr  G16 2874
del  2 emr  G16 2875
del  2 emr  G16 2876
del  2 emr  G16 2877
del  2 emr  G16 2878
del  2 emr  G16 2879
bias  2867/2878    0.013    0.000   11.202
## emr G17  
bias  2877/2877   -0.034    0.000   15.598
## emr G18  
del  2 emr  G18 2872
del  2 emr  G18 2873
del  2 emr  G18 2874
del  2 emr  G18 2875
del  2 emr  G18 2876
del  2 emr  G18 2877
del  2 emr  G18 2878
del  2 emr  G18 2879
bias  2863/2871    0.311    0.000   12.216
## emr G19  
del  2 emr  G19 2872
del  2 emr  G19 2873
del  2 emr  G19 2874
del  2 emr  G19 2875
del  2 emr  G19 2876
del  2 emr  G19 2877
del  2 emr  G19 2878
del  2 emr  G19 2879
bias  2872/2880    0.125    0.000   12.003
## emr G20  
bias  2867/2867    0.084    0.000    9.782
## emr G21  
bias  2875/2875    0.040    0.000   12.965
## emr G22  
del  2 emr  G22 2869
del  2 emr  G22 2870
del  2 emr  G22 2871
del  2 emr  G22 2873
del  2 emr  G22 2874
del  2 emr  G22 2875
del  2 emr  G22 2876
del  2 emr  G22 2877
del  2 emr  G22 2878
bias  2869/2878    0.137    0.000    8.686
## emr G23  
bias  2880/2880   -0.000    0.000   11.662
## emr G24  
bias  2879/2879   -0.053    0.000    8.647
## emr G25  
del  2 emr  G25 2873
del  2 emr  G25 2874
del  2 emr  G25 2875
del  2 emr  G25 2876
del  2 emr  G25 2877
del  2 emr  G25 2878
del  2 emr  G25 2879
bias  2872/2879    0.154    0.000   17.510
## emr G26  
del  2 emr  G26 2873
del  2 emr  G26 2874
del  2 emr  G26 2875
del  2 emr  G26 2876
del  2 emr  G26 2877
del  2 emr  G26 2878
del  2 emr  G26 2879
bias  2873/2880   -0.139    0.000   10.651
## emr G27  
bias  2880/2880    0.038    0.000   11.174
## emr G28  
del  2 emr  G28 2877
del  2 emr  G28 2878
del  2 emr  G28 2879
bias  2877/2880   -0.014    0.000   10.574
## emr G29  
bias  2873/2873    0.034    0.000   18.281
## emr G30  
del  2 emr  G30 2869
del  2 emr  G30 2870
del  2 emr  G30 2871
del  2 emr  G30 2872
del  2 emr  G30 2873
del  2 emr  G30 2874
del  2 emr  G30 2875
del  2 emr  G30 2876
del  2 emr  G30 2877
del  2 emr  G30 2878
del  2 emr  G30 2879
bias  2869/2880    0.061    0.000   10.430
## emr G31  
del  2 emr  G31 2870
del  2 emr  G31 2871
del  2 emr  G31 2872
del  2 emr  G31 2873
del  2 emr  G31 2874
del  2 emr  G31 2875
del  2 emr  G31 2876
del  2 emr  G31 2877
del  2 emr  G31 2878
del  2 emr  G31 2879
bias  2864/2874    0.017    0.000   10.983
## emr G32  
del  2 emr  G32 2864
del  2 emr  G32 2865
del  2 emr  G32 2866
del  2 emr  G32 2867
del  2 emr  G32 2868
del  2 emr  G32 2869
bias  2864/2870    0.181    0.000   12.583
## esa G01  
bias  2880/2880   -0.002    0.000    9.053
## esa G02  
bias  2872/2872    0.037    0.000   13.027
## esa G03  
bias  2880/2880   -0.050    0.000    9.136
## esa G04  
bias  2880/2880    0.060    0.000   14.767
## esa G05  
bias  2880/2880   -0.007    0.000    9.549
## esa G06  
bias  2879/2879   -0.352    0.000    9.944
## esa G07  
bias  2880/2880   -0.000    0.000    9.432
## esa G08  
del  2 esa  G08 2874
del  2 esa  G08 2875
del  2 esa  G08 2876
del  2 esa  G08 2877
del  2 esa  G08 2878
del  2 esa  G08 2879
bias  2874/2880   -0.072    0.000    9.472
## esa G09  
bias  2880/2880    0.004    0.000    9.303
## esa G10  
bias  2880/2880   -0.012    0.000   11.396
## esa G11  
bias  2880/2880   -0.050    0.000   10.285
## esa G12  
bias  2880/2880    0.303    0.000   13.193
## esa G13  
bias  2880/2880    0.101    0.000    9.624
## esa G14  
bias  2880/2880   -0.022    0.000    8.018
## esa G15  
bias  2880/2880    0.012    0.000    8.768
## esa G16  
bias  2880/2880   -0.150    0.000    9.981
## esa G17  
bias  2880/2880   -0.085    0.000    8.622
## esa G18  
del  2 esa  G18 1468
del  2 esa  G18 1469
bias  2873/2875   -0.078    0.000    9.415
## esa G19  
del  2 esa  G19 2877
del  2 esa  G19 2878
del  2 esa  G19 2879
bias  2877/2880   -0.024    0.000   10.214
## esa G20  
bias  2880/2880   -0.017    0.000   11.721
## esa G21  
bias  2880/2880   -0.030    0.000   12.507
## esa G22  
bias  2880/2880   -0.037    0.000    7.892
## esa G23  
bias  2880/2880    0.000    0.000   10.952
## esa G24  
bias  2880/2880    0.037    0.000    5.782
## esa G25  
bias  2880/2880    0.047    0.000   10.186
## esa G26  
del  2 esa  G26 1432
del  2 esa  G26 1433
del  2 esa  G26 1434
del  2 esa  G26 1439
del  2 esa  G26 1440
del  2 esa  G26 2154
del  2 esa  G26 2155
del  2 esa  G26 2156
del  2 esa  G26 2157
del  2 esa  G26 2158
del  2 esa  G26 2863
del  2 esa  G26 2864
del  2 esa  G26 2866
del  2 esa  G26 2867
del  2 esa  G26 2868
del  2 esa  G26 2869
del  2 esa  G26 2870
del  2 esa  G26 2871
del  2 esa  G26 2872
del  2 esa  G26 2873
del  2 esa  G26 2874
del  2 esa  G26 2875
bias  2816/2838    1.025    0.000   11.738
## esa G27  
bias  2880/2880   -0.061    0.000   10.838
## esa G28  
bias  2880/2880    0.017    0.000    8.159
## esa G29  
bias  2877/2877    0.033    0.000   12.524
## esa G30  
bias  2880/2880   -0.130    0.000    9.098
## esa G31  
bias  2880/2880   -0.090    0.000    7.183
## esa G32  
del  2 esa  G32 2869
bias  2879/2880   -0.019    0.000    9.977
## gfz G01  
bias  2880/2880   -0.002    0.000    5.872
## gfz G02  
bias  2880/2880    0.182    0.000   12.111
## gfz G03  
bias  2880/2880   -0.086    0.000    5.624
## gfz G04  
bias  2786/2786   -0.124    0.000   16.554
## gfz G05  
bias  2880/2880   -0.006    0.000   12.104
## gfz G06  
del  2 gfz  G06 2879
bias  2877/2878   -0.398    0.000   11.385
## gfz G07  
bias  2880/2880    0.000    0.000   10.103
## gfz G08  
bias  2879/2879    0.022    0.000   18.878
## gfz G09  
bias  2880/2880    0.004    0.000    8.060
## gfz G10  
del  2 gfz  G10 2785
del  2 gfz  G10 2791
del  2 gfz  G10 2792
del  2 gfz  G10 2793
del  2 gfz  G10 2794
del  2 gfz  G10 2795
del  2 gfz  G10 2796
del  2 gfz  G10 2797
del  2 gfz  G10 2798
del  2 gfz  G10 2799
del  2 gfz  G10 2800
del  2 gfz  G10 2802
del  2 gfz  G10 2803
del  2 gfz  G10 2804
del  2 gfz  G10 2805
del  2 gfz  G10 2806
del  2 gfz  G10 2807
del  2 gfz  G10 2808
del  2 gfz  G10 2809
del  2 gfz  G10 2810
del  2 gfz  G10 2812
del  2 gfz  G10 2815
del  2 gfz  G10 2816
del  2 gfz  G10 2817
del  2 gfz  G10 2818
del  2 gfz  G10 2850
del  2 gfz  G10 2853
del  2 gfz  G10 2854
del  2 gfz  G10 2855
del  2 gfz  G10 2856
del  2 gfz  G10 2857
del  2 gfz  G10 2858
del  2 gfz  G10 2859
del  2 gfz  G10 2860
del  2 gfz  G10 2861
del  2 gfz  G10 2862
del  2 gfz  G10 2863
del  2 gfz  G10 2867
del  2 gfz  G10 2868
del  2 gfz  G10 2869
del  2 gfz  G10 2870
del  2 gfz  G10 2871
del  2 gfz  G10 2872
del  2 gfz  G10 2873
del  2 gfz  G10 2874
del  2 gfz  G10 2875
del  2 gfz  G10 2876
del  2 gfz  G10 2877
del  2 gfz  G10 2878
del  2 gfz  G10 2879
bias  2826/2876    0.820    0.000   11.573
## gfz G11  
bias  2880/2880    0.025    0.000    8.856
## gfz G12  
bias  2880/2880    0.295    0.000    8.770
## gfz G13  
bias  2880/2880   -0.035    0.000   10.324
## gfz G14  
bias  2880/2880   -0.022    0.000    8.298
## gfz G15  
del  2 gfz  G15 2877
del  2 gfz  G15 2878
del  2 gfz  G15 2879
bias  2877/2880    0.067    0.000   10.502
## gfz G16  
bias  2880/2880    0.134    0.000    8.399
## gfz G17  
del  2 gfz  G17 2862
del  2 gfz  G17 2864
del  2 gfz  G17 2865
del  2 gfz  G17 2866
del  2 gfz  G17 2867
del  2 gfz  G17 2871
del  2 gfz  G17 2872
del  2 gfz  G17 2873
del  2 gfz  G17 2874
del  2 gfz  G17 2875
del  2 gfz  G17 2876
del  2 gfz  G17 2877
del  2 gfz  G17 2878
del  2 gfz  G17 2879
bias  2866/2880    0.201    0.000    8.147
## gfz G18  
bias  2859/2859   -0.103    0.000   12.507
## gfz G19  
del  2 gfz  G19 2878
bias  2879/2880    0.024    0.000    8.719
## gfz G20  
bias  2880/2880   -0.017    0.000    6.143
## gfz G21  
bias  2880/2880   -0.016    0.000    6.010
## gfz G22  
bias  2880/2880   -0.105    0.000    5.515
## gfz G23  
bias  2880/2880    0.000    0.000    8.233
## gfz G24  
bias  2880/2880    0.009    0.000    7.702
## gfz G25  
bias  2880/2880   -0.011    0.000    8.973
## gfz G26  
del  2 gfz  G26  705
del  2 gfz  G26  706
del  2 gfz  G26  708
del  2 gfz  G26 2154
del  2 gfz  G26 2155
del  2 gfz  G26 2156
del  2 gfz  G26 2157
del  2 gfz  G26 2158
del  2 gfz  G26 2159
del  2 gfz  G26 2160
del  2 gfz  G26 2161
del  2 gfz  G26 2162
del  2 gfz  G26 2163
del  2 gfz  G26 2164
del  2 gfz  G26 2165
bias  2813/2828    0.058    0.000    9.511
## gfz G27  
bias  2880/2880    0.038    0.000   15.653
## gfz G28  
bias  2880/2880    0.017    0.000    8.625
## gfz G29  
bias  2880/2880   -0.017    0.000    7.793
## gfz G30  
del  2 gfz  G30 2870
del  2 gfz  G30 2872
del  2 gfz  G30 2874
del  2 gfz  G30 2875
del  2 gfz  G30 2876
del  2 gfz  G30 2877
del  2 gfz  G30 2878
del  2 gfz  G30 2879
bias  2872/2880   -0.126    0.000    9.156
## gfz G31  
bias  2880/2880   -0.090    0.000   13.183
## gfz G32  
del  2 gfz  G32 1556
del  2 gfz  G32 1557
del  2 gfz  G32 1558
del  2 gfz  G32 1561
del  2 gfz  G32 1562
del  2 gfz  G32 1563
del  2 gfz  G32 1617
del  2 gfz  G32 1618
bias  2872/2880   -0.080    0.000    6.291
## grg G01  
del  2 grg  G01 2878
del  2 grg  G01 2879
bias  2878/2880   -0.045    0.000    6.566
## grg G02  
bias  2880/2880    0.182    0.000    7.707
## grg G03  
del  2 grg  G03 2874
del  2 grg  G03 2875
del  2 grg  G03 2876
del  2 grg  G03 2877
del  2 grg  G03 2878
del  2 grg  G03 2879
bias  2874/2880   -0.016    0.000    7.057
## grg G04  
## grg G05  
del  2 grg  G05 2879
bias  2876/2877   -0.001    0.000    9.259
## grg G06  
bias  2880/2880   -0.357    0.000    7.685
## grg G07  
bias  2880/2880   -0.000    0.000    7.485
## grg G08  
del  2 grg  G08 2869
del  2 grg  G08 2870
del  2 grg  G08 2871
del  2 grg  G08 2872
del  2 grg  G08 2873
del  2 grg  G08 2874
del  2 grg  G08 2875
del  2 grg  G08 2876
bias  2872/2880   -0.069    0.000    5.459
## grg G09  
bias  2880/2880    0.004    0.000    5.753
## grg G10  
bias  2880/2880   -0.012    0.000    7.861
## grg G11  
bias  2880/2880    0.025    0.000    4.930
## grg G12  
bias  2800/2800   -1.220    0.000   24.575
## grg G13  
bias  2880/2880    0.101    0.000    6.921
## grg G14  
bias  2880/2880   -0.022    0.000    7.127
## grg G15  
bias  2880/2880    0.012    0.000    7.033
## grg G16  
del  2 grg  G16    7
del  2 grg  G16    8
del  2 grg  G16    9
del  2 grg  G16   10
del  2 grg  G16   11
del  2 grg  G16   12
del  2 grg  G16   13
del  2 grg  G16   14
del  2 grg  G16   15
bias  2871/2880    0.009    0.000    7.322
## grg G17  
del  2 grg  G17 2870
del  2 grg  G17 2871
del  2 grg  G17 2872
del  2 grg  G17 2873
del  2 grg  G17 2874
del  2 grg  G17 2875
del  2 grg  G17 2876
del  2 grg  G17 2877
del  2 grg  G17 2878
del  2 grg  G17 2879
bias  2870/2880    0.097    0.000    7.605
## grg G18  
del  2 grg  G18 2874
del  2 grg  G18 2875
del  2 grg  G18 2876
del  2 grg  G18 2877
del  2 grg  G18 2878
del  2 grg  G18 2879
bias  2865/2871    0.042    0.000   10.266
## grg G19  
bias  2880/2880    0.044    0.000    6.810
## grg G20  
bias  2880/2880   -0.017    0.000    6.348
## grg G21  
bias  2880/2880   -0.029    0.000    6.750
## grg G22  
bias  2880/2880   -0.105    0.000    7.385
## grg G23  
bias  2880/2880   -0.000    0.000    5.456
## grg G24  
bias  2880/2880    0.019    0.000    7.029
## grg G25  
del  2 grg  G25 2873
del  2 grg  G25 2874
del  2 grg  G25 2875
del  2 grg  G25 2876
del  2 grg  G25 2877
del  2 grg  G25 2878
del  2 grg  G25 2879
bias  2873/2880   -0.128    0.000    9.710
## grg G26  
bias  2880/2880   -0.318    0.000    7.518
## grg G27  
bias  2880/2880    0.038    0.000    8.664
## grg G28  
bias  2880/2880    0.017    0.000    8.639
## grg G29  
bias  2880/2880   -0.017    0.000    7.163
## grg G30  
del  2 grg  G30 2873
del  2 grg  G30 2874
del  2 grg  G30 2875
del  2 grg  G30 2876
del  2 grg  G30 2877
del  2 grg  G30 2878
del  2 grg  G30 2879
bias  2873/2880    0.005    0.000    7.037
## grg G31  
del  2 grg  G31 2870
del  2 grg  G31 2871
del  2 grg  G31 2872
del  2 grg  G31 2873
del  2 grg  G31 2874
del  2 grg  G31 2875
del  2 grg  G31 2876
del  2 grg  G31 2877
del  2 grg  G31 2878
del  2 grg  G31 2879
bias  2870/2880    0.140    0.000    6.268
## grg G32  
bias  2880/2880   -0.003    0.000    6.187
## jpl G01  
del  2 jpl  G01 2879
bias  2879/2880   -0.014    0.000    6.174
## jpl G02  
bias  2880/2880    0.182    0.000    8.281
## jpl G03  
del  2 jpl  G03 2872
del  2 jpl  G03 2873
del  2 jpl  G03 2874
del  2 jpl  G03 2875
del  2 jpl  G03 2876
del  2 jpl  G03 2877
del  2 jpl  G03 2878
del  2 jpl  G03 2879
bias  2872/2880    0.001    0.000    7.281
## jpl G04  
## jpl G05  
bias  2869/2869    0.039    0.000    9.696
## jpl G06  
bias  2880/2880   -0.357    0.000    8.150
## jpl G07  
bias  2880/2880    0.000    0.000    8.538
## jpl G08  
del  2 jpl  G08 2878
del  2 jpl  G08 2879
bias  2878/2880   -0.003    0.000    6.834
## jpl G09  
bias  2880/2880    0.004    0.000    7.383
## jpl G10  
bias  2880/2880   -0.012    0.000    9.628
## jpl G11  
del  2 jpl  G11 2878
del  2 jpl  G11 2879
bias  2878/2880   -0.009    0.000    7.405
## jpl G12  
bias  2878/2878    0.293    0.000   12.275
## jpl G13  
bias  2880/2880    0.101    0.000    8.380
## jpl G14  
bias  2880/2880   -0.022    0.000    6.559
## jpl G15  
bias  2880/2880    0.012    0.000    8.468
## jpl G16  
del  2 jpl  G16 2869
del  2 jpl  G16 2870
del  2 jpl  G16 2871
del  2 jpl  G16 2872
del  2 jpl  G16 2873
del  2 jpl  G16 2874
del  2 jpl  G16 2875
del  2 jpl  G16 2876
del  2 jpl  G16 2877
del  2 jpl  G16 2878
del  2 jpl  G16 2879
bias  2861/2872    0.058    0.000    6.175
## jpl G17  
bias  2877/2877   -0.104    0.000    8.377
## jpl G18  
bias  2860/2860   -0.086    0.000    8.567
## jpl G19  
bias  2880/2880    0.044    0.000    6.944
## jpl G20  
bias  2880/2880   -0.017    0.000    8.558
## jpl G21  
bias  2877/2877   -0.027    0.000    7.640
## jpl G22  
del  2 jpl  G22 2873
del  2 jpl  G22 2874
del  2 jpl  G22 2875
del  2 jpl  G22 2876
del  2 jpl  G22 2877
del  2 jpl  G22 2878
bias  2874/2880    0.014    0.000    7.204
## jpl G23  
bias  2880/2880   -0.000    0.000    6.746
## jpl G24  
del  2 jpl  G24 1115
bias  2860/2861   -0.006    0.000    6.723
## jpl G25  
bias  2880/2880    0.047    0.000    9.471
## jpl G26  
del  2 jpl  G26 2873
del  2 jpl  G26 2874
del  2 jpl  G26 2875
del  2 jpl  G26 2876
del  2 jpl  G26 2877
del  2 jpl  G26 2878
del  2 jpl  G26 2879
bias  2873/2880   -0.170    0.000    6.934
## jpl G27  
bias  2880/2880    0.038    0.000    7.143
## jpl G28  
bias  2880/2880    0.017    0.000    6.768
## jpl G29  
bias  2880/2880   -0.017    0.000    9.021
## jpl G30  
del  2 jpl  G30 2878
del  2 jpl  G30 2879
bias  2878/2880   -0.070    0.000   11.650
## jpl G31  
bias  2880/2880   -0.090    0.000    8.682
## jpl G32  
bias  2880/2880   -0.003    0.000    6.131
del  2 grg  G12 2365
del  2 grg  G12 2366
del  2 grg  G12 2396
del  2 grg  G12 2414
del  2 grg  G12 2420
del  2 grg  G12 2421
del  2 grg  G12 2428
del  2 grg  G12 2429
del  2 grg  G12 2431
del  2 grg  G12 2433
del  2 grg  G12 2438
del  2 grg  G12 2440
del  2 grg  G12 2441
del  2 grg  G12 2454
del  2 grg  G12 2465
del  2 grg  G12 2468
del  2 grg  G12 2471
del  2 grg  G12 2477
del  2 grg  G12 2488
del  2 grg  G12 2497
del  2 grg  G12 2513
del  2 grg  G12 2516
del  2 grg  G12 2520
del  2 grg  G12 2522
del  2 grg  G12 2530
del  2 grg  G12 2531
del  2 grg  G12 2538
del  2 grg  G12 2543
del  2 grg  G12 2545
del  2 grg  G12 2546
del  2 grg  G12 2550
del  2 grg  G12 2555
del  2 grg  G12 2557
del  2 grg  G12 2560
del  2 grg  G12 2569
del  2 grg  G12 2614
del  2 grg  G12 2615
del  2 grg  G12 2630
del  2 grg  G12 2636
del  2 grg  G12 2638
del  2 grg  G12 2639
del  2 grg  G12 2640
del  2 grg  G12 2643
del  2 grg  G12 2644
del  2 grg  G12 2645
del  2 grg  G12 2646
del  2 grg  G12 2647
del  2 grg  G12 2648
del  2 grg  G12 2649
del  2 grg  G12 2650
del  2 grg  G12 2651
del  2 grg  G12 2661
del  2 grg  G12 2879
del  2 gfz  G25 2876
del  2 gfz  G25 2877
del  2 gfz  G25 2878

** iter #3 **
## cod G01  
bias  2880/2880   -0.005    0.000    6.467
## cod G02  
bias  2880/2880    0.000    0.000    6.207
## cod G03  
bias  2874/2874    0.007    0.000    4.968
## cod G04  
bias  2880/2880   -0.015    0.000    5.900
## cod G05  
bias  2878/2878    0.004    0.000    6.255
## cod G06  
bias  2879/2879   -0.002    0.000    6.379
## cod G07  
bias  2880/2880   -0.000    0.000    6.136
## cod G08  
bias  2880/2880   -0.005    0.000    4.477
## cod G09  
bias  2880/2880   -0.000    0.000    7.064
## cod G10  
bias  2880/2880   -0.027    0.000    8.139
## cod G11  
bias  2875/2875   -0.004    0.000    5.196
## cod G12  
bias  2879/2879    0.184    0.000    6.492
## cod G13  
bias  2880/2880    0.000    0.000    6.190
## cod G14  
bias  2880/2880   -0.001    0.000    5.059
## cod G15  
bias  2880/2880    0.001    0.000    5.620
## cod G16  
del  3 cod  G16   19
bias  2858/2859   -0.045    0.000    6.090
## cod G17  
bias  2880/2880    0.003    0.000    5.931
## cod G18  
bias  2871/2871    0.017    0.000    9.133
## cod G19  
bias  2880/2880   -0.009    0.000    4.605
## cod G20  
bias  2880/2880    0.000    0.000    6.521
## cod G21  
bias  2873/2873   -0.005    0.000    4.221
## cod G22  
bias  2880/2880    0.012    0.000    4.805
## cod G23  
bias  2880/2880   -0.000    0.000    6.330
## cod G24  
bias  2880/2880    0.001    0.000    5.370
## cod G25  
bias  2867/2867   -0.001    0.000    4.403
## cod G26  
bias  2862/2862   -0.019    0.000    5.320
## cod G27  
bias  2880/2880   -0.000    0.000    4.968
## cod G28  
bias  2880/2880   -0.002    0.000    7.274
## cod G29  
bias  2880/2880   -0.000    0.000    4.822
## cod G30  
bias  2880/2880    0.051    0.000    6.084
## cod G31  
bias  2879/2879    0.013    0.000    8.456
## cod G32  
bias  2880/2880   -0.002    0.000    5.462
## emr G01  
bias  2851/2851    0.026    0.000   12.017
## emr G02  
bias  2833/2833   -0.003    0.000   22.622
## emr G03  
bias  2867/2867   -0.029    0.000   12.627
## emr G04  
## emr G05  
bias  2875/2875    0.011    0.000   17.853
## emr G06  
bias  2726/2726    0.004    0.000   24.000
## emr G07  
bias  2880/2880   -0.000    0.000   11.488
## emr G08  
bias  2874/2874   -0.006    0.000   21.064
## emr G09  
bias  2877/2877    0.000    0.000   15.661
## emr G10  
bias  2880/2880   -0.027    0.000   15.276
## emr G11  
bias  2878/2878   -0.002    0.000   10.371
## emr G12  
bias  2860/2860    0.242    0.000   12.679
## emr G13  
bias  2856/2856   -0.001    0.000   16.019
## emr G14  
bias  2864/2864    0.011    0.000   13.409
## emr G15  
bias  2874/2874   -0.002    0.000   15.393
## emr G16  
bias  2867/2867   -0.007    0.000   11.935
## emr G17  
bias  2877/2877    0.003    0.000   16.807
## emr G18  
bias  2861/2861   -0.056    0.000   12.894
## emr G19  
bias  2872/2872    0.042    0.000   12.785
## emr G20  
bias  2867/2867   -0.002    0.000   10.519
## emr G21  
bias  2875/2875    0.001    0.000   13.638
## emr G22  
del  3 emr  G22 2868
bias  2868/2869   -0.060    0.000    9.258
## emr G23  
bias  2880/2880   -0.000    0.000   12.503
## emr G24  
bias  2879/2879    0.001    0.000    9.198
## emr G25  
bias  2872/2872    0.005    0.000   18.593
## emr G26  
bias  2873/2873   -0.008    0.000   11.275
## emr G27  
bias  2880/2880   -0.000    0.000   11.519
## emr G28  
bias  2877/2877    0.013    0.000   11.274
## emr G29  
bias  2873/2873    0.000    0.000   19.439
## emr G30  
bias  2869/2869   -0.071    0.000   11.207
## emr G31  
bias  2864/2864   -0.038    0.000   11.814
## emr G32  
bias  2864/2864    0.028    0.000   13.300
## esa G01  
bias  2880/2880   -0.005    0.000    9.051
## esa G02  
bias  2872/2872    0.001    0.000   12.940
## esa G03  
bias  2880/2880    0.006    0.000    9.452
## esa G04  
bias  2880/2880   -0.015    0.000   15.003
## esa G05  
bias  2880/2880   -0.003    0.000   10.180
## esa G06  
bias  2879/2879   -0.002    0.000   10.061
## esa G07  
bias  2880/2880   -0.000    0.000    9.187
## esa G08  
bias  2874/2874    0.019    0.000    9.988
## esa G09  
bias  2880/2880   -0.000    0.000    9.555
## esa G10  
bias  2880/2880   -0.027    0.000   11.356
## esa G11  
bias  2880/2880    0.003    0.000   10.334
## esa G12  
bias  2880/2880    0.186    0.000   13.206
## esa G13  
bias  2880/2880    0.000    0.000    9.954
## esa G14  
bias  2880/2880   -0.001    0.000    7.701
## esa G15  
bias  2880/2880    0.001    0.000    8.823
## esa G16  
bias  2880/2880    0.027    0.000    9.924
## esa G17  
bias  2880/2880    0.003    0.000    8.778
## esa G18  
bias  2873/2873    0.018    0.000    9.575
## esa G19  
bias  2877/2877    0.011    0.000   10.160
## esa G20  
bias  2880/2880    0.000    0.000   12.270
## esa G21  
bias  2880/2880    0.001    0.000   12.421
## esa G22  
bias  2880/2880    0.012    0.000    8.334
## esa G23  
bias  2880/2880   -0.000    0.000   11.171
## esa G24  
bias  2880/2880    0.001    0.000    5.752
## esa G25  
bias  2880/2880   -0.025    0.000   10.022
## esa G26  
del  3 esa  G26 2859
bias  2815/2816   -0.021    0.000   11.656
## esa G27  
bias  2880/2880   -0.000    0.000   11.012
## esa G28  
bias  2880/2880   -0.002    0.000    8.146
## esa G29  
bias  2877/2877   -0.000    0.000   12.524
## esa G30  
bias  2880/2880    0.051    0.000    8.932
## esa G31  
bias  2880/2880    0.017    0.000    7.176
## esa G32  
bias  2879/2879    0.003    0.000    9.452
## gfz G01  
bias  2880/2880   -0.005    0.000    5.706
## gfz G02  
bias  2880/2880    0.000    0.000   11.535
## gfz G03  
bias  2880/2880    0.006    0.000    5.275
## gfz G04  
bias  2786/2786    0.037    0.000   16.767
## gfz G05  
bias  2880/2880   -0.003    0.000   11.474
## gfz G06  
del  3 gfz  G06 2878
bias  2876/2877    0.027    0.000   10.524
## gfz G07  
bias  2880/2880   -0.000    0.000   10.498
## gfz G08  
bias  2879/2879   -0.005    0.000   17.972
## gfz G09  
bias  2880/2880   -0.000    0.000    7.432
## gfz G10  
del  3 gfz  G10 2786
del  3 gfz  G10 2801
del  3 gfz  G10 2827
bias  2823/2826    0.196    0.000   12.582
## gfz G11  
bias  2880/2880    0.003    0.000    8.945
## gfz G12  
bias  2880/2880    0.186    0.000    8.696
## gfz G13  
del  3 gfz  G13 2876
del  3 gfz  G13 2877
del  3 gfz  G13 2878
del  3 gfz  G13 2879
bias  2876/2880    0.091    0.000    9.618
## gfz G14  
bias  2880/2880   -0.001    0.000    8.326
## gfz G15  
bias  2877/2877   -0.001    0.000   10.100
## gfz G16  
bias  2880/2880    0.027    0.000    8.314
## gfz G17  
del  3 gfz  G17 2855
del  3 gfz  G17 2856
del  3 gfz  G17 2860
del  3 gfz  G17 2861
del  3 gfz  G17 2863
del  3 gfz  G17 2868
del  3 gfz  G17 2869
bias  2859/2866   -0.104    0.000    7.968
## gfz G18  
bias  2859/2859    0.001    0.000   12.258
## gfz G19  
bias  2879/2879   -0.005    0.000    8.460
## gfz G20  
bias  2880/2880    0.000    0.000    6.517
## gfz G21  
bias  2880/2880    0.001    0.000    5.963
## gfz G22  
bias  2880/2880    0.012    0.000    5.545
## gfz G23  
bias  2880/2880   -0.000    0.000    7.975
## gfz G24  
bias  2880/2880    0.001    0.000    7.814
## gfz G25  
del  3 gfz  G25 2879
bias  2876/2877    0.066    0.000    8.861
## gfz G26  
del  3 gfz  G26 2168
bias  2812/2813    0.066    0.000    9.256
## gfz G27  
bias  2880/2880   -0.000    0.000   15.618
## gfz G28  
bias  2880/2880   -0.002    0.000    8.959
## gfz G29  
bias  2880/2880   -0.000    0.000    7.282
## gfz G30  
del  3 gfz  G30 2869
del  3 gfz  G30 2871
del  3 gfz  G30 2873
bias  2869/2872   -0.115    0.000    9.436
## gfz G31  
bias  2880/2880    0.017    0.000   14.071
## gfz G32  
del  3 gfz  G32 1551
del  3 gfz  G32 1552
del  3 gfz  G32 1560
del  3 gfz  G32 1564
del  3 gfz  G32 1565
del  3 gfz  G32 1566
del  3 gfz  G32 1568
del  3 gfz  G32 1616
del  3 gfz  G32 1619
del  3 gfz  G32 1622
del  3 gfz  G32 1624
del  3 gfz  G32 1626
del  3 gfz  G32 1644
bias  2859/2872   -0.123    0.000    6.135
## grg G01  
bias  2878/2878    0.003    0.000    6.311
## grg G02  
bias  2880/2880    0.000    0.000    7.545
## grg G03  
bias  2874/2874    0.007    0.000    6.423
## grg G04  
## grg G05  
bias  2876/2876   -0.003    0.000    8.397
## grg G06  
bias  2880/2880   -0.002    0.000    7.251
## grg G07  
bias  2880/2880   -0.000    0.000    7.101
## grg G08  
bias  2872/2872   -0.004    0.000    5.131
## grg G09  
bias  2880/2880   -0.000    0.000    5.611
## grg G10  
bias  2880/2880   -0.027    0.000    6.862
## grg G11  
bias  2880/2880    0.003    0.000    4.960
## grg G12  
bias  2747/2747   -0.881    0.000   23.824
## grg G13  
bias  2880/2880    0.000    0.000    6.606
## grg G14  
bias  2880/2880   -0.001    0.000    6.850
## grg G15  
bias  2880/2880    0.001    0.000    7.090
## grg G16  
bias  2871/2871    0.008    0.000    7.077
## grg G17  
bias  2870/2870    0.002    0.000    7.154
## grg G18  
bias  2865/2865   -0.004    0.000   10.309
## grg G19  
bias  2880/2880   -0.009    0.000    6.677
## grg G20  
bias  2880/2880    0.000    0.000    5.959
## grg G21  
bias  2880/2880    0.001    0.000    6.529
## grg G22  
bias  2880/2880    0.012    0.000    6.866
## grg G23  
bias  2880/2880   -0.000    0.000    5.310
## grg G24  
bias  2880/2880    0.001    0.000    6.863
## grg G25  
del  3 grg  G25 2872
bias  2872/2873   -0.013    0.000    9.003
## grg G26  
bias  2880/2880   -0.006    0.000    7.225
## grg G27  
bias  2880/2880   -0.000    0.000    8.500
## grg G28  
bias  2880/2880   -0.002    0.000    8.217
## grg G29  
bias  2880/2880   -0.000    0.000    6.621
## grg G30  
bias  2873/2873   -0.039    0.000    6.675
## grg G31  
bias  2870/2870   -0.037    0.000    5.898
## grg G32  
bias  2880/2880   -0.002    0.000    6.255
## jpl G01  
bias  2879/2879   -0.003    0.000    5.964
## jpl G02  
bias  2880/2880    0.000    0.000    7.507
## jpl G03  
bias  2872/2872   -0.008    0.000    6.831
## jpl G04  
## jpl G05  
bias  2869/2869   -0.004    0.000    9.329
## jpl G06  
bias  2880/2880   -0.002    0.000    7.119
## jpl G07  
bias  2880/2880   -0.000    0.000    8.391
## jpl G08  
bias  2878/2878    0.003    0.000    6.332
## jpl G09  
bias  2880/2880   -0.000    0.000    6.967
## jpl G10  
bias  2880/2880   -0.027    0.000    8.402
## jpl G11  
bias  2878/2878   -0.002    0.000    7.017
## jpl G12  
bias  2878/2878    0.186    0.000   11.872
## jpl G13  
bias  2880/2880    0.000    0.000    7.868
## jpl G14  
bias  2880/2880   -0.001    0.000    6.395
## jpl G15  
bias  2880/2880    0.001    0.000    8.038
## jpl G16  
bias  2861/2861   -0.009    0.000    5.909
## jpl G17  
bias  2877/2877    0.003    0.000    7.469
## jpl G18  
bias  2860/2860    0.001    0.000    8.540
## jpl G19  
bias  2880/2880   -0.009    0.000    6.515
## jpl G20  
bias  2880/2880    0.000    0.000    7.880
## jpl G21  
bias  2877/2877    0.002    0.000    7.235
## jpl G22  
bias  2874/2874   -0.024    0.000    6.883
## jpl G23  
bias  2880/2880   -0.000    0.000    6.283
## jpl G24  
bias  2860/2860   -0.003    0.000    6.569
## jpl G25  
bias  2880/2880   -0.025    0.000    8.618
## jpl G26  
bias  2873/2873   -0.008    0.000    6.680
## jpl G27  
bias  2880/2880   -0.000    0.000    7.051
## jpl G28  
bias  2880/2880   -0.002    0.000    6.730
## jpl G29  
bias  2880/2880   -0.000    0.000    8.208
## jpl G30  
bias  2878/2878    0.025    0.000   10.837
## jpl G31  
bias  2880/2880    0.017    0.000    7.819
## jpl G32  
bias  2880/2880   -0.002    0.000    6.010
del  3 grg  G12 2432
del  3 grg  G12 2514
del  3 grg  G12 2515
del  3 grg  G12 2519
del  3 grg  G12 2539
del  3 grg  G12 2540
del  3 grg  G12 2542
del  3 grg  G12 2616
